mode: set
github.com/caiostarke/hermes/text-ingestor/internal/infra/grpc/handlers/text_handlers.go:18.63,20.2 1 1
github.com/caiostarke/hermes/text-ingestor/internal/infra/grpc/handlers/text_handlers.go:22.68,24.16 2 1
github.com/caiostarke/hermes/text-ingestor/internal/infra/grpc/handlers/text_handlers.go:33.2,38.29 4 1
github.com/caiostarke/hermes/text-ingestor/internal/infra/grpc/handlers/text_handlers.go:43.2,43.27 1 1
github.com/caiostarke/hermes/text-ingestor/internal/infra/grpc/handlers/text_handlers.go:47.2,47.45 1 1
github.com/caiostarke/hermes/text-ingestor/internal/infra/grpc/handlers/text_handlers.go:53.2,54.31 2 1
github.com/caiostarke/hermes/text-ingestor/internal/infra/grpc/handlers/text_handlers.go:61.2,62.35 2 1
github.com/caiostarke/hermes/text-ingestor/internal/infra/grpc/handlers/text_handlers.go:72.2,72.27 1 1
github.com/caiostarke/hermes/text-ingestor/internal/infra/grpc/handlers/text_handlers.go:24.16,26.3 1 0
github.com/caiostarke/hermes/text-ingestor/internal/infra/grpc/handlers/text_handlers.go:38.29,40.3 1 1
github.com/caiostarke/hermes/text-ingestor/internal/infra/grpc/handlers/text_handlers.go:43.27,45.3 1 1
github.com/caiostarke/hermes/text-ingestor/internal/infra/grpc/handlers/text_handlers.go:47.45,48.34 1 1
github.com/caiostarke/hermes/text-ingestor/internal/infra/grpc/handlers/text_handlers.go:48.34,50.4 1 1
github.com/caiostarke/hermes/text-ingestor/internal/infra/grpc/handlers/text_handlers.go:54.31,55.26 1 1
github.com/caiostarke/hermes/text-ingestor/internal/infra/grpc/handlers/text_handlers.go:55.26,58.4 2 1
github.com/caiostarke/hermes/text-ingestor/internal/infra/grpc/handlers/text_handlers.go:62.35,63.30 1 1
github.com/caiostarke/hermes/text-ingestor/internal/infra/grpc/handlers/text_handlers.go:63.30,64.38 1 1
github.com/caiostarke/hermes/text-ingestor/internal/infra/grpc/handlers/text_handlers.go:64.38,65.47 1 1
github.com/caiostarke/hermes/text-ingestor/internal/infra/grpc/handlers/text_handlers.go:65.47,67.6 1 1
github.com/caiostarke/hermes/text-ingestor/internal/infra/grpc/handlers/text_handlers.go:76.57,77.26 1 1
github.com/caiostarke/hermes/text-ingestor/internal/infra/grpc/handlers/text_handlers.go:83.2,83.14 1 1
github.com/caiostarke/hermes/text-ingestor/internal/infra/grpc/handlers/text_handlers.go:77.26,78.59 1 1
github.com/caiostarke/hermes/text-ingestor/internal/infra/grpc/handlers/text_handlers.go:78.59,80.4 1 1
